<?xml version="1.0" encoding="UTF-8"?>
<!-- Generated by org.testng.reporters.JUnitReportReporter -->
<testsuite skipped="0" hostname="RAKESH" name="testcases.MovieInfoValidation" tests="1" failures="0" timestamp="2022-10-23T09:03:26 IST" time="25.718" errors="0">
  <testcase name="movieInfoValidation" time="25.718" classname="testcases.MovieInfoValidation"/>
  <system-out/>
</testsuite> <!-- testcases.MovieInfoValidation -->
